{"numFailedTestSuites":0,"numFailedTests":0,"numPassedTestSuites":27,"numPassedTests":55,"numPendingTestSuites":0,"numPendingTests":0,"numRuntimeErrorTestSuites":0,"numTodoTests":0,"numTotalTestSuites":27,"numTotalTests":55,"openHandles":[],"snapshot":{"added":0,"didUpdate":false,"failure":false,"filesAdded":0,"filesRemoved":0,"filesRemovedList":[],"filesUnmatched":0,"filesUpdated":0,"matched":0,"total":0,"unchecked":0,"uncheckedKeysByFile":[],"unmatched":0,"updated":0},"startTime":1778580511986,"success":true,"testResults":[{"assertionResults":[{"ancestorTitles":["Email Integration — Ethereal SMTP","createTransporter()"],"duration":3,"failing":false,"failureDetails":[],"failureMessages":[],"fullName":"Email Integration — Ethereal SMTP createTransporter() returns a working transporter when SMTP credentials are set","invocations":1,"location":null,"numPassingAsserts":2,"retryReasons":[],"startAt":1778580513142,"status":"passed","title":"returns a working transporter when SMTP credentials are set"},{"ancestorTitles":["Email Integration — Ethereal SMTP","createTransporter()"],"duration":3,"failing":false,"failureDetails":[],"failureMessages":[],"fullName":"Email Integration — Ethereal SMTP createTransporter() falls back to Ethereal test account when no SMTP credentials","invocations":1,"location":null,"numPassingAsserts":2,"retryReasons":[],"startAt":1778580513145,"status":"passed","title":"falls back to Ethereal test account when no SMTP credentials"},{"ancestorTitles":["Email Integration — Ethereal SMTP","sendAgentWelcomeEmail()"],"duration":3084,"failing":false,"failureDetails":[],"failureMessages":[],"fullName":"Email Integration — Ethereal SMTP sendAgentWelcomeEmail() delivers successfully to Ethereal (no throw)","invocations":1,"location":null,"numPassingAsserts":1,"retryReasons":[],"startAt":1778580513148,"status":"passed","title":"delivers successfully to Ethereal (no throw)"},{"ancestorTitles":["Email Integration — Ethereal SMTP","sendAgentWelcomeEmail()"],"duration":3021,"failing":false,"failureDetails":[],"failureMessages":[],"fullName":"Email Integration — Ethereal SMTP sendAgentWelcomeEmail() returns an info object with messageId","invocations":1,"location":null,"numPassingAsserts":2,"retryReasons":[],"startAt":1778580516232,"status":"passed","title":"returns an info object with messageId"},{"ancestorTitles":["Email Integration — Ethereal SMTP","sendAgentWelcomeEmail()"],"duration":3185,"failing":false,"failureDetails":[],"failureMessages":[],"fullName":"Email Integration — Ethereal SMTP sendAgentWelcomeEmail() preview URL is available for dev inspection","invocations":1,"location":null,"numPassingAsserts":1,"retryReasons":[],"startAt":1778580519254,"status":"passed","title":"preview URL is available for dev inspection"},{"ancestorTitles":["Email Integration — Ethereal SMTP","sendPasswordResetEmail()"],"duration":3298,"failing":false,"failureDetails":[],"failureMessages":[],"fullName":"Email Integration — Ethereal SMTP sendPasswordResetEmail() delivers successfully to Ethereal (no throw)","invocations":1,"location":null,"numPassingAsserts":1,"retryReasons":[],"startAt":1778580522440,"status":"passed","title":"delivers successfully to Ethereal (no throw)"},{"ancestorTitles":["Email Integration — Ethereal SMTP","sendPasswordResetEmail()"],"duration":3039,"failing":false,"failureDetails":[],"failureMessages":[],"fullName":"Email Integration — Ethereal SMTP sendPasswordResetEmail() returns an info object with messageId","invocations":1,"location":null,"numPassingAsserts":1,"retryReasons":[],"startAt":1778580525738,"status":"passed","title":"returns an info object with messageId"}],"endTime":1778580528779,"message":"","name":"/home/derick/React Projects/test-app/server/tests/integration/email.integration.test.js","startTime":1778580512154,"status":"passed","summary":""},{"assertionResults":[{"ancestorTitles":["Invoice Model"],"duration":2,"failing":false,"failureDetails":[],"failureMessages":[],"fullName":"Invoice Model defines immutable and editable field lists","invocations":1,"location":null,"numPassingAsserts":4,"retryReasons":[],"startAt":1778580529159,"status":"passed","title":"defines immutable and editable field lists"}],"endTime":1778580529163,"message":"","name":"/home/derick/React Projects/test-app/server/tests/unit/controllers/invoice.model.test.mjs","startTime":1778580528787,"status":"passed","summary":""},{"assertionResults":[{"ancestorTitles":["Invoice Controller - Public Share Endpoints","createFinalInvoiceFromServiceCall"],"duration":3,"failing":false,"failureDetails":[],"failureMessages":[],"fullName":"Invoice Controller - Public Share Endpoints createFinalInvoiceFromServiceCall creates a final invoice from a service call (happy path)","invocations":1,"location":null,"numPassingAsserts":1,"retryReasons":[],"startAt":1778580529449,"status":"passed","title":"creates a final invoice from a service call (happy path)"},{"ancestorTitles":["Invoice Controller - Public Share Endpoints","finalizeInvoice"],"duration":2,"failing":false,"failureDetails":[],"failureMessages":[],"fullName":"Invoice Controller - Public Share Endpoints finalizeInvoice finalizes an invoice (happy path)","invocations":1,"location":null,"numPassingAsserts":1,"retryReasons":[],"startAt":1778580529452,"status":"passed","title":"finalizes an invoice (happy path)"},{"ancestorTitles":["Invoice Controller - Public Share Endpoints","getInvoices"],"duration":1,"failing":false,"failureDetails":[],"failureMessages":[],"fullName":"Invoice Controller - Public Share Endpoints getInvoices returns invoices for the user","invocations":1,"location":null,"numPassingAsserts":1,"retryReasons":[],"startAt":1778580529454,"status":"passed","title":"returns invoices for the user"},{"ancestorTitles":["Invoice Controller - Public Share Endpoints","getSharedInvoiceDetails"],"duration":1,"failing":false,"failureDetails":[],"failureMessages":[],"fullName":"Invoice Controller - Public Share Endpoints getSharedInvoiceDetails returns shared invoice details for a valid token","invocations":1,"location":null,"numPassingAsserts":2,"retryReasons":[],"startAt":1778580529456,"status":"passed","title":"returns shared invoice details for a valid token"},{"ancestorTitles":["Invoice Controller - Public Share Endpoints","recordPayment"],"duration":1,"failing":false,"failureDetails":[],"failureMessages":[],"fullName":"Invoice Controller - Public Share Endpoints recordPayment records a payment for an invoice","invocations":1,"location":null,"numPassingAsserts":1,"retryReasons":[],"startAt":1778580529457,"status":"passed","title":"records a payment for an invoice"},{"ancestorTitles":["Invoice Controller - Public Share Endpoints","sendInvoice"],"duration":57,"failing":false,"failureDetails":[],"failureMessages":[],"fullName":"Invoice Controller - Public Share Endpoints sendInvoice sends an invoice to the customer","invocations":1,"location":null,"numPassingAsserts":2,"retryReasons":[],"startAt":1778580529459,"status":"passed","title":"sends an invoice to the customer"},{"ancestorTitles":["Invoice Controller - Public Share Endpoints","submitSharedInvoiceDecision"],"duration":1,"failing":false,"failureDetails":[],"failureMessages":[],"fullName":"Invoice Controller - Public Share Endpoints submitSharedInvoiceDecision submits a shared invoice decision (approve/reject)","invocations":1,"location":null,"numPassingAsserts":1,"retryReasons":[],"startAt":1778580529520,"status":"passed","title":"submits a shared invoice decision (approve/reject)"},{"ancestorTitles":["Invoice Controller - Public Share Endpoints","upsertProFormaInvoiceFromServiceCall"],"duration":1,"failing":false,"failureDetails":[],"failureMessages":[],"fullName":"Invoice Controller - Public Share Endpoints upsertProFormaInvoiceFromServiceCall upserts a pro-forma invoice from a service call","invocations":1,"location":null,"numPassingAsserts":1,"retryReasons":[],"startAt":1778580529522,"status":"passed","title":"upserts a pro-forma invoice from a service call"}],"endTime":1778580529524,"message":"","name":"/home/derick/React Projects/test-app/server/tests/unit/controllers/invoice.controller.test.mjs","startTime":1778580529172,"status":"passed","summary":""},{"assertionResults":[{"ancestorTitles":["Quotation Controller"],"duration":2,"failing":false,"failureDetails":[],"failureMessages":[],"fullName":"Quotation Controller customer retrieves quotation by ID","invocations":1,"location":null,"numPassingAsserts":2,"retryReasons":[],"startAt":1778580529801,"status":"passed","title":"customer retrieves quotation by ID"}],"endTime":1778580529804,"message":"","name":"/home/derick/React Projects/test-app/server/tests/unit/controllers/quotation.controller.test.mjs","startTime":1778580529530,"status":"passed","summary":""},{"assertionResults":[{"ancestorTitles":["User Model"],"duration":5,"failing":false,"failureDetails":[],"failureMessages":[],"fullName":"User Model generates password reset token and expiry","invocations":1,"location":null,"numPassingAsserts":4,"retryReasons":[],"startAt":1778580529964,"status":"passed","title":"generates password reset token and expiry"},{"ancestorTitles":["User Model"],"duration":64,"failing":false,"failureDetails":[],"failureMessages":[],"fullName":"User Model invalidates customer role when customerProfile is missing","invocations":1,"location":null,"numPassingAsserts":1,"retryReasons":[],"startAt":1778580529969,"status":"passed","title":"invalidates customer role when customerProfile is missing"}],"endTime":1778580530034,"message":"","name":"/home/derick/React Projects/test-app/server/tests/unit/models/User.model.test.mjs","startTime":1778580529812,"status":"passed","summary":""},{"assertionResults":[{"ancestorTitles":["Email Routes"],"duration":38,"failing":false,"failureDetails":[],"failureMessages":[],"fullName":"Email Routes private send route applies auth middleware and handler","invocations":1,"location":null,"numPassingAsserts":3,"retryReasons":[],"startAt":1778580530215,"status":"passed","title":"private send route applies auth middleware and handler"}],"endTime":1778580530253,"message":"","name":"/home/derick/React Projects/test-app/server/tests/unit/routes/email.routes.test.mjs","startTime":1778580530040,"status":"passed","summary":""},{"assertionResults":[{"ancestorTitles":["Auth Controller"],"duration":5,"failing":false,"failureDetails":[],"failureMessages":[],"fullName":"Auth Controller user logs in with valid credentials","invocations":1,"location":null,"numPassingAsserts":3,"retryReasons":[],"startAt":1778580530463,"status":"passed","title":"user logs in with valid credentials"}],"endTime":1778580530469,"message":"","name":"/home/derick/React Projects/test-app/server/tests/unit/controllers/auth.controller.test.mjs","startTime":1778580530257,"status":"passed","summary":""},{"assertionResults":[{"ancestorTitles":["Auth Middleware"],"duration":2,"failing":false,"failureDetails":[],"failureMessages":[],"fullName":"Auth Middleware returns 401 when no bearer token is provided","invocations":1,"location":null,"numPassingAsserts":3,"retryReasons":[],"startAt":1778580530635,"status":"passed","title":"returns 401 when no bearer token is provided"}],"endTime":1778580530638,"message":"","name":"/home/derick/React Projects/test-app/server/tests/unit/middleware/auth.middleware.test.mjs","startTime":1778580530474,"status":"passed","summary":""},{"assertionResults":[{"ancestorTitles":["ServiceCall Controller"],"duration":3,"failing":false,"failureDetails":[],"failureMessages":[],"fullName":"ServiceCall Controller user retrieves service call by ID","invocations":1,"location":null,"numPassingAsserts":2,"retryReasons":[],"startAt":1778580530804,"status":"passed","title":"user retrieves service call by ID"}],"endTime":1778580530808,"message":"","name":"/home/derick/React Projects/test-app/server/tests/unit/controllers/serviceCall.controller.test.mjs","startTime":1778580530641,"status":"passed","summary":""},{"assertionResults":[{"ancestorTitles":["Agent Model"],"duration":2,"failing":false,"failureDetails":[],"failureMessages":[],"fullName":"Agent Model defines immutable and editable field lists","invocations":1,"location":null,"numPassingAsserts":4,"retryReasons":[],"startAt":1778580530958,"status":"passed","title":"defines immutable and editable field lists"}],"endTime":1778580530961,"message":"","name":"/home/derick/React Projects/test-app/server/tests/unit/controllers/agent.model.test.mjs","startTime":1778580530811,"status":"passed","summary":""},{"assertionResults":[{"ancestorTitles":["Quotation Model"],"duration":2,"failing":false,"failureDetails":[],"failureMessages":[],"fullName":"Quotation Model defines immutable and editable field lists","invocations":1,"location":null,"numPassingAsserts":4,"retryReasons":[],"startAt":1778580531127,"status":"passed","title":"defines immutable and editable field lists"}],"endTime":1778580531130,"message":"","name":"/home/derick/React Projects/test-app/server/tests/unit/controllers/quotation.model.test.mjs","startTime":1778580530966,"status":"passed","summary":""},{"assertionResults":[{"ancestorTitles":["ServiceCall Model"],"duration":2,"failing":false,"failureDetails":[],"failureMessages":[],"fullName":"ServiceCall Model defines immutable and editable field lists","invocations":1,"location":null,"numPassingAsserts":4,"retryReasons":[],"startAt":1778580531281,"status":"passed","title":"defines immutable and editable field lists"}],"endTime":1778580531284,"message":"","name":"/home/derick/React Projects/test-app/server/tests/unit/controllers/serviceCall.model.test.mjs","startTime":1778580531134,"status":"passed","summary":""},{"assertionResults":[{"ancestorTitles":["Agent Controller"],"duration":3,"failing":false,"failureDetails":[],"failureMessages":[],"fullName":"Agent Controller user retrieves agent by ID","invocations":1,"location":null,"numPassingAsserts":2,"retryReasons":[],"startAt":1778580531433,"status":"passed","title":"user retrieves agent by ID"}],"endTime":1778580531437,"message":"","name":"/home/derick/React Projects/test-app/server/tests/unit/controllers/agent.controller.test.mjs","startTime":1778580531287,"status":"passed","summary":""},{"assertionResults":[{"ancestorTitles":["Equipment Controller"],"duration":3,"failing":false,"failureDetails":[],"failureMessages":[],"fullName":"Equipment Controller user retrieves equipment list","invocations":1,"location":null,"numPassingAsserts":4,"retryReasons":[],"startAt":1778580531590,"status":"passed","title":"user retrieves equipment list"}],"endTime":1778580531594,"message":"","name":"/home/derick/React Projects/test-app/server/tests/unit/controllers/equipment.controller.test.mjs","startTime":1778580531442,"status":"passed","summary":""},{"assertionResults":[{"ancestorTitles":["Equipment Model"],"duration":2,"failing":false,"failureDetails":[],"failureMessages":[],"fullName":"Equipment Model defines immutable and editable field lists","invocations":1,"location":null,"numPassingAsserts":4,"retryReasons":[],"startAt":1778580531748,"status":"passed","title":"defines immutable and editable field lists"}],"endTime":1778580531751,"message":"","name":"/home/derick/React Projects/test-app/server/tests/unit/controllers/equipment.model.test.mjs","startTime":1778580531597,"status":"passed","summary":""},{"assertionResults":[{"ancestorTitles":["Customer Model"],"duration":6,"failing":false,"failureDetails":[],"failureMessages":[],"fullName":"Customer Model defines immutable and editable field lists","invocations":1,"location":null,"numPassingAsserts":6,"retryReasons":[],"startAt":1778580531899,"status":"passed","title":"defines immutable and editable field lists"}],"endTime":1778580531906,"message":"","name":"/home/derick/React Projects/test-app/server/tests/unit/controllers/customer.model.test.mjs","startTime":1778580531755,"status":"passed","summary":""},{"assertionResults":[{"ancestorTitles":["User Model"],"duration":2,"failing":false,"failureDetails":[],"failureMessages":[],"fullName":"User Model defines immutable and editable field lists","invocations":1,"location":null,"numPassingAsserts":4,"retryReasons":[],"startAt":1778580532051,"status":"passed","title":"defines immutable and editable field lists"}],"endTime":1778580532054,"message":"","name":"/home/derick/React Projects/test-app/server/tests/unit/controllers/user.model.test.mjs","startTime":1778580531908,"status":"passed","summary":""},{"assertionResults":[{"ancestorTitles":["Invoice Routes"],"duration":15,"failing":false,"failureDetails":[],"failureMessages":[],"fullName":"Invoice Routes public share route does not require auth middleware","invocations":1,"location":null,"numPassingAsserts":3,"retryReasons":[],"startAt":1778580532151,"status":"passed","title":"public share route does not require auth middleware"},{"ancestorTitles":["Invoice Routes"],"duration":6,"failing":false,"failureDetails":[],"failureMessages":[],"fullName":"Invoice Routes private route uses auth middleware and controller handler","invocations":1,"location":null,"numPassingAsserts":3,"retryReasons":[],"startAt":1778580532166,"status":"passed","title":"private route uses auth middleware and controller handler"}],"endTime":1778580532173,"message":"","name":"/home/derick/React Projects/test-app/server/tests/unit/routes/invoice.routes.test.mjs","startTime":1778580532056,"status":"passed","summary":""},{"assertionResults":[{"ancestorTitles":["User Routes"],"duration":10,"failing":false,"failureDetails":[],"failureMessages":[],"fullName":"User Routes private users route applies auth middleware and list handler","invocations":1,"location":null,"numPassingAsserts":3,"retryReasons":[],"startAt":1778580532272,"status":"passed","title":"private users route applies auth middleware and list handler"},{"ancestorTitles":["User Routes"],"duration":9,"failing":false,"failureDetails":[],"failureMessages":[],"fullName":"User Routes private user-by-id route applies auth middleware and detail handler","invocations":1,"location":null,"numPassingAsserts":3,"retryReasons":[],"startAt":1778580532282,"status":"passed","title":"private user-by-id route applies auth middleware and detail handler"}],"endTime":1778580532292,"message":"","name":"/home/derick/React Projects/test-app/server/tests/unit/routes/user.routes.test.mjs","startTime":1778580532176,"status":"passed","summary":""},{"assertionResults":[{"ancestorTitles":["Customer Onboarding Auth"],"duration":5,"failing":false,"failureDetails":[],"failureMessages":[],"fullName":"Customer Onboarding Auth admin provisions customer account and sends onboarding email","invocations":1,"location":null,"numPassingAsserts":6,"retryReasons":[],"startAt":1778580532351,"status":"passed","title":"admin provisions customer account and sends onboarding email"},{"ancestorTitles":["Customer Onboarding Auth"],"duration":1,"failing":false,"failureDetails":[],"failureMessages":[],"fullName":"Customer Onboarding Auth rejects invalid onboarding payload when required fields are missing","invocations":1,"location":null,"numPassingAsserts":4,"retryReasons":[],"startAt":1778580532357,"status":"passed","title":"rejects invalid onboarding payload when required fields are missing"}],"endTime":1778580532359,"message":"","name":"/home/derick/React Projects/test-app/server/tests/unit/controllers/customerOnboarding.auth.test.mjs","startTime":1778580532295,"status":"passed","summary":""},{"assertionResults":[{"ancestorTitles":["User Controller"],"duration":2,"failing":false,"failureDetails":[],"failureMessages":[],"fullName":"User Controller administrator retrieves user by id","invocations":1,"location":null,"numPassingAsserts":3,"retryReasons":[],"startAt":1778580532404,"status":"passed","title":"administrator retrieves user by id"},{"ancestorTitles":["User Controller"],"duration":1,"failing":false,"failureDetails":[],"failureMessages":[],"fullName":"User Controller non-admin cannot retrieve a different user id","invocations":1,"location":null,"numPassingAsserts":3,"retryReasons":[],"startAt":1778580532407,"status":"passed","title":"non-admin cannot retrieve a different user id"},{"ancestorTitles":["User Controller"],"duration":3,"failing":false,"failureDetails":[],"failureMessages":[],"fullName":"User Controller returns 404 for unknown user id","invocations":1,"location":null,"numPassingAsserts":2,"retryReasons":[],"startAt":1778580532409,"status":"passed","title":"returns 404 for unknown user id"},{"ancestorTitles":["User Controller"],"duration":1,"failing":false,"failureDetails":[],"failureMessages":[],"fullName":"User Controller administrator lists all users","invocations":1,"location":null,"numPassingAsserts":4,"retryReasons":[],"startAt":1778580532412,"status":"passed","title":"administrator lists all users"},{"ancestorTitles":["User Controller"],"duration":1,"failing":false,"failureDetails":[],"failureMessages":[],"fullName":"User Controller non-admin is forbidden from listing all users","invocations":1,"location":null,"numPassingAsserts":3,"retryReasons":[],"startAt":1778580532413,"status":"passed","title":"non-admin is forbidden from listing all users"}],"endTime":1778580532415,"message":"","name":"/home/derick/React Projects/test-app/server/tests/unit/controllers/user.controller.test.mjs","startTime":1778580532361,"status":"passed","summary":""},{"assertionResults":[{"ancestorTitles":["Sequence Util"],"duration":2,"failing":false,"failureDetails":[],"failureMessages":[],"fullName":"Sequence Util generates next sequence value","invocations":1,"location":null,"numPassingAsserts":2,"retryReasons":[],"startAt":1778580532458,"status":"passed","title":"generates next sequence value"},{"ancestorTitles":["Sequence Util"],"duration":0,"failing":false,"failureDetails":[],"failureMessages":[],"fullName":"Sequence Util formats sequence ID","invocations":1,"location":null,"numPassingAsserts":2,"retryReasons":[],"startAt":1778580532461,"status":"passed","title":"formats sequence ID"}],"endTime":1778580532462,"message":"","name":"/home/derick/React Projects/test-app/server/tests/unit/controllers/sequence.util.test.mjs","startTime":1778580532418,"status":"passed","summary":""},{"assertionResults":[{"ancestorTitles":["Customer Controller"],"duration":2,"failing":false,"failureDetails":[],"failureMessages":[],"fullName":"Customer Controller returns customer list for authenticated owner","invocations":1,"location":null,"numPassingAsserts":2,"retryReasons":[],"startAt":1778580532510,"status":"passed","title":"returns customer list for authenticated owner"}],"endTime":1778580532513,"message":"","name":"/home/derick/React Projects/test-app/server/tests/unit/controllers/customer.controller.test.mjs","startTime":1778580532466,"status":"passed","summary":""},{"assertionResults":[{"ancestorTitles":["quotationAutoResolver Service"],"duration":2,"failing":false,"failureDetails":[],"failureMessages":[],"fullName":"quotationAutoResolver Service prefers equipment-history source when machine records exist","invocations":1,"location":null,"numPassingAsserts":3,"retryReasons":[],"startAt":1778580532558,"status":"passed","title":"prefers equipment-history source when machine records exist"},{"ancestorTitles":["quotationAutoResolver Service"],"duration":1,"failing":false,"failureDetails":[],"failureMessages":[],"fullName":"quotationAutoResolver Service falls back to generic source when no equipment or booking data exists","invocations":1,"location":null,"numPassingAsserts":3,"retryReasons":[],"startAt":1778580532561,"status":"passed","title":"falls back to generic source when no equipment or booking data exists"}],"endTime":1778580532563,"message":"","name":"/home/derick/React Projects/test-app/server/tests/unit/services/quotationAutoResolver.service.test.mjs","startTime":1778580532515,"status":"passed","summary":""},{"assertionResults":[{"ancestorTitles":["Email Service"],"duration":2,"failing":false,"failureDetails":[],"failureMessages":[],"fullName":"Email Service sendPasswordResetEmail","invocations":1,"location":null,"numPassingAsserts":1,"retryReasons":[],"startAt":1778580532608,"status":"passed","title":"sendPasswordResetEmail"},{"ancestorTitles":["Email Service"],"duration":0,"failing":false,"failureDetails":[],"failureMessages":[],"fullName":"Email Service sendAgentWelcomeEmail","invocations":1,"location":null,"numPassingAsserts":1,"retryReasons":[],"startAt":1778580532611,"status":"passed","title":"sendAgentWelcomeEmail"},{"ancestorTitles":["Email Service"],"duration":1,"failing":false,"failureDetails":[],"failureMessages":[],"fullName":"Email Service sendQuotationEmail","invocations":1,"location":null,"numPassingAsserts":1,"retryReasons":[],"startAt":1778580532614,"status":"passed","title":"sendQuotationEmail"},{"ancestorTitles":["Email Service"],"duration":1,"failing":false,"failureDetails":[],"failureMessages":[],"fullName":"Email Service createTransporter","invocations":1,"location":null,"numPassingAsserts":1,"retryReasons":[],"startAt":1778580532615,"status":"passed","title":"createTransporter"}],"endTime":1778580532616,"message":"","name":"/home/derick/React Projects/test-app/server/tests/unit/utils/emailService.test.mjs","startTime":1778580532565,"status":"passed","summary":""},{"assertionResults":[{"ancestorTitles":["Email Controller"],"duration":3,"failing":false,"failureDetails":[],"failureMessages":[],"fullName":"Email Controller administrator sends email successfully","invocations":1,"location":null,"numPassingAsserts":3,"retryReasons":[],"startAt":1778580532662,"status":"passed","title":"administrator sends email successfully"},{"ancestorTitles":["Email Controller"],"duration":1,"failing":false,"failureDetails":[],"failureMessages":[],"fullName":"Email Controller returns validation error for missing recipient payload","invocations":1,"location":null,"numPassingAsserts":3,"retryReasons":[],"startAt":1778580532665,"status":"passed","title":"returns validation error for missing recipient payload"},{"ancestorTitles":["Email Controller"],"duration":1,"failing":false,"failureDetails":[],"failureMessages":[],"fullName":"Email Controller rejects non-admin role from sending email","invocations":1,"location":null,"numPassingAsserts":3,"retryReasons":[],"startAt":1778580532667,"status":"passed","title":"rejects non-admin role from sending email"}],"endTime":1778580532669,"message":"","name":"/home/derick/React Projects/test-app/server/tests/unit/controllers/email.controller.test.mjs","startTime":1778580532619,"status":"passed","summary":""},{"assertionResults":[{"ancestorTitles":["Email Utility"],"duration":3,"failing":false,"failureDetails":[],"failureMessages":[],"fullName":"Email Utility sendEmail sends email with correct data","invocations":1,"location":null,"numPassingAsserts":2,"retryReasons":[],"startAt":1778580532714,"status":"passed","title":"sendEmail sends email with correct data"}],"endTime":1778580532718,"message":"","name":"/home/derick/React Projects/test-app/server/tests/unit/controllers/email.util.test.mjs","startTime":1778580532673,"status":"passed","summary":""}],"wasInterrupted":false}
